[2025-10-12 10:03:48] Iniciando escaneo de PDFs en: /home/sagrxtar/lifepluspdf.peterestela.com/php/../pdfs/
[2025-10-12 10:03:48] Encontrados 122 archivos PDF
[2025-10-12 10:03:48] PDF actualizado: Aloe Vera Caps 6003-PI_ES.pdf
[2025-10-12 10:03:48] PDF actualizado: Anti-Stress Formula  SOLO DISPONNIBLE EN USA 6121-PI_ES.pdf
[2025-10-12 10:03:48] PDF actualizado: BODYSMART MEN .pdf
[2025-10-12 10:03:48] PDF actualizado: BONE BUILDER SOLO DISPONIBLE EN USA   6114-PI_ES.pdf
[2025-10-12 10:03:48] PDF actualizado: Be Focused Berry 6603-PI_ES.pdf
[2025-10-12 10:03:48] PDF actualizado: Be Focused Citrus 6604-PI_ES.pdf
[2025-10-12 10:03:48] PDF actualizado: Be Focused Sachet - Berry 30 ct 6800-PI_ES.pdf
[2025-10-12 10:03:48] PDF actualizado: Be Focused Sachet - Citrus 30 ct 6801-PI_ES.pdf
[2025-10-12 10:03:48] PDF actualizado: Be Focused en sobres - Sabor a frutos del bosque6609-PI_ES.pdf
[2025-10-12 10:03:48] PDF actualizado: Be Recharged Berry 6601-PI_ES.pdf
[2025-10-12 10:03:48] PDF actualizado: Be Recharged Citrus 6602-PI_ES.pdf
[2025-10-12 10:03:48] PDF actualizado: Be Recharged Sachet - Berry 30 ct 6806-PI_ES.pdf
[2025-10-12 10:03:48] PDF actualizado: Be Recharged Sachet - Citrus 30 ct 6807-PI_ES.pdf
[2025-10-12 10:03:48] PDF actualizado: Be Refueled chocolate 6644-PI_ES.pdf
[2025-10-12 10:03:48] PDF actualizado: Be Refueled vainilla 6645-PI_ES.pdf
[2025-10-12 10:03:48] PDF actualizado: Be Sustained Berry 6605-PI_ES.pdf
[2025-10-12 10:03:48] PDF actualizado: Be Sustained Citrus 6606-PI_ES.pdf
[2025-10-12 10:03:48] PDF actualizado: Be Sustained Sachet - Berry 30 ct 6802-PI_ES.pdf
[2025-10-12 10:03:48] PDF actualizado: Be Sustained Sachet - Citrus 30 ct 6805-PI_ES.pdf
[2025-10-12 10:03:48] PDF actualizado: Be Sustained en sobres - Sabor a cítricos 6612-PI_ES.pdf
[2025-10-12 10:03:48] PDF actualizado: Be Sustained en sobres - Sabor a frutos del bosque 6611-PI_ES.pdf
[2025-10-12 10:03:48] PDF actualizado: Biotic Blast® 6618-PI_ES.pdf
[2025-10-12 10:03:48] PDF actualizado: Bodysmart Solution 7882-PI_ES.pdf
[2025-10-12 10:03:48] PDF actualizado: Bodysmart Solutions Men’s Gold Formula 7883-PI_ES.pdf
[2025-10-12 10:03:48] PDF actualizado: Bodysmart Solutions Women’s Gold Formula 7884-PI_ES.pdf
[2025-10-12 10:03:48] PDF actualizado: Brain Formula 6104-PI_ES.pdf
[2025-10-12 10:03:48] PDF actualizado: CAL MAG PLUS 2.pdf
[2025-10-12 10:03:48] PDF actualizado: CBD Oil Revive  SOLO DEISPONIBLE EN  USA .pdf
[2025-10-12 10:03:48] PDF actualizado: CO-Q-10 PLUS  2.pdf
[2025-10-12 10:03:48] PDF actualizado: Cat’s Claw Plus SOLO DISPONIBLE EN USA  4040-PI_ES.pdf
[2025-10-12 10:03:48] PDF actualizado: Circulation Formula 6133-PI_ES.pdf
[2025-10-12 10:03:48] PDF actualizado: Co-Q-10 .1012-PI_ES.pdf
[2025-10-12 10:03:48] PDF actualizado: Cogelin (Colon Formula) 6109-PI_ES.pdf
[2025-10-12 10:03:48] PDF actualizado: D-Mannose 6355-PI_ES.pdf
[2025-10-12 10:03:48] PDF actualizado: DNA IMMUNE.pdf
[2025-10-12 10:03:48] PDF actualizado: DNA-Immune  SOLO DISPONIBLE EN USA 6110-PI_ES.pdf
[2025-10-12 10:03:48] PDF actualizado: Daily BioBasics 6132-PI_ES.pdf
[2025-10-12 10:03:48] PDF actualizado: Daily BioBasics Light 6500-PI_ES.pdf
[2025-10-12 10:03:48] PDF actualizado: Daily Biobasics Veggie-Caps6193-PI_ES.pdf
[2025-10-12 10:03:48] PDF actualizado: Digestive Formula 6122-PI_ES.pdf
[2025-10-12 10:03:48] PDF actualizado: EPA PLUS.pdf
[2025-10-12 10:03:48] PDF actualizado: EPA Plus 4033-PI_ES.pdf
[2025-10-12 10:03:48] PDF actualizado: EYE FORMULA 2.pdf
[2025-10-12 10:03:48] PDF actualizado: Endocryn® DHEA 210-PI_ES.pdf
[2025-10-12 10:03:48] PDF actualizado: Evening Primrose Oil 6237-PI_ES.pdf
[2025-10-12 10:03:48] PDF actualizado: Eye Formula 6111-PI_ES.pdf
[2025-10-12 10:03:48] PDF actualizado: FASEO_LEAN FORTE SOLO DISPONIBLE EN USA .pdf
[2025-10-12 10:03:48] PDF actualizado: FUSIONS RED  2.pdf
[2025-10-12 10:03:48] PDF actualizado: Feminine Balance - New Improved Formula  SOLO  DISPONIBLE EN USA 6002-PI_ES.pdf
[2025-10-12 10:03:48] PDF actualizado: Forever Young Gentle Cream Cleanser.pdf
[2025-10-12 10:03:48] PDF actualizado: Forever Young Radiance Serum.pdf
[2025-10-12 10:03:48] PDF actualizado: Forever Young Rejuvenating Eye Crème.pdf
[2025-10-12 10:03:48] PDF actualizado: Forever Young Repair & Protect Conditioner.pdf
[2025-10-12 10:03:48] PDF actualizado: Forever Young Rich Moisturizing Crème.pdf
[2025-10-12 10:03:48] PDF actualizado: Forever Young Skin Formula  6112-PI_ES.pdf
[2025-10-12 10:03:48] PDF actualizado: Forever Young Strengthen & Restore Shampoo.pdf
[2025-10-12 10:03:48] PDF actualizado: Fusions Red 6861-PI_ES.pdf
[2025-10-12 10:03:48] PDF actualizado: HEART FORMULA_ 2.pdf
[2025-10-12 10:03:48] PDF actualizado: Heart Formula 6107-PI_ES.pdf
[2025-10-12 10:03:48] PDF actualizado: IRON PLUS.pdf
[2025-10-12 10:03:48] PDF actualizado: JOIN FORMULA 6113-PI_ES.pdf
[2025-10-12 10:03:48] PDF actualizado: Key-Tonic 6648-PI_ES.pdf
[2025-10-12 10:03:48] PDF actualizado: LIFEPLUS PETS BASICS 6691-PI_ES.pdf
[2025-10-12 10:03:48] PDF actualizado: LUNG FORMULA 2.pdf
[2025-10-12 10:03:48] PDF actualizado: Lifeplus - Natural Hand Cream.pdf
[2025-10-12 10:03:48] PDF actualizado: Lifeplus Discovery 6063-PI_ES.pdf
[2025-10-12 10:03:48] PDF actualizado: Lung Formula PULMONES SOLO DISPONIBLE EN USA  6115-PI_ES.pdf
[2025-10-12 10:03:48] PDF actualizado: Lyprinex (180ct) 6658-PI_ES.pdf
[2025-10-12 10:03:48] PDF actualizado: Lyprinex 6108-PI_ES.pdf
[2025-10-12 10:03:48] PDF actualizado: MANGO OMEGA .pdf
[2025-10-12 10:03:48] PDF actualizado: MICRO MINS™ PLUS.pdf
[2025-10-12 10:03:48] PDF actualizado: MSM Plus Vital Care Lotion 1021-PI_EN.pdf
[2025-10-12 10:03:48] PDF actualizado: MSM Plus pastillas 6127-PI_ES.pdf
[2025-10-12 10:03:48] PDF actualizado: Micro•Mins™ Plus 6140-PI_ES.pdf
[2025-10-12 10:03:48] PDF actualizado: Natural Body Wash.pdf
[2025-10-12 10:03:48] PDF actualizado: Natural Gold Hand & Body Bar.pdf
[2025-10-12 10:03:48] PDF actualizado: Natural Hand & Body Lotion.pdf
[2025-10-12 10:03:48] PDF actualizado: OMEGOLD.4999-PI_ES.pdf
[2025-10-12 10:03:48] PDF actualizado: PARACLEANSE ™.pdf
[2025-10-12 10:03:48] PDF actualizado: PETS CALM 6687-PI_ES.pdf
[2025-10-12 10:03:48] PDF actualizado: PH PLUS™ 2.pdf
[2025-10-12 10:03:48] PDF actualizado: PLATA COLOIDAL Colloidal Silver 1945-PI_ES.pdf
[2025-10-12 10:03:48] PDF actualizado: PROANTHENOLS 100 6192-PI_ES.pdf
[2025-10-12 10:03:48] PDF actualizado: ParaCleanse SOLO DISPONIBLE EN USA  6117-PI_ES.pdf
[2025-10-12 10:03:48] PDF actualizado: Pets™ Move 6688-PI_ES.pdf
[2025-10-12 10:03:48] PDF actualizado: Phase‘olean® Forte SOLO DISPONIBLE EN USA  6106-PI_ES.pdf
[2025-10-12 10:03:48] PDF actualizado: Proanthenol 50mg 6191-PI_ES.pdf
[2025-10-12 10:03:48] PDF actualizado: Prostate Formula SOLO DISPONIBLE EN USA  6118-PI_ES.pdf
[2025-10-12 10:03:48] PDF actualizado: Real NRG 6681-PI_ES.pdf
[2025-10-12 10:03:48] PDF actualizado: SUPPORT TABS.pdf
[2025-10-12 10:03:48] PDF actualizado: SlenderLean® 6099-PI_ES.pdf
[2025-10-12 10:03:48] PDF actualizado: Smart Bar - Barrita nutricional Chocolate Supreme BARRITA1808-PI_ES.pdf
[2025-10-12 10:03:48] PDF actualizado: Solis Golden Milk 6673-PI_ES.pdf
[2025-10-12 10:03:48] PDF actualizado: Solis Green Medley 6651-PI_ES.pdf
[2025-10-12 10:03:48] PDF actualizado: Solis Purple Flash 2.pdf
[2025-10-12 10:03:48] PDF actualizado: Solis Raw Cacao y Mushroom 2.pdf
[2025-10-12 10:03:48] PDF actualizado: Somazyme 6141-PI_ES.pdf
[2025-10-12 10:03:48] PDF actualizado: TVM-Plus 6102-PI_ES.pdf
[2025-10-12 10:03:48] PDF actualizado: Tea Tree Toothpaste PASTA DE DIENTES  170g_6 oz.pdf
[2025-10-12 10:03:48] PDF actualizado: Triple Protein Shake- Chocolate 6678-PI_ES.pdf
[2025-10-12 10:03:48] PDF actualizado: Triple Protein Shake- Vainilla (sin edulcorante) SOLO EN ALEMANIA 6680-PI_ES.pdf
[2025-10-12 10:03:48] PDF actualizado: Triple Protein Shake- Vainilla 6679-PI_ES.pdf
[2025-10-12 10:03:48] PDF actualizado: Ubiquinol 100 6657-PI_ES.pdf
[2025-10-12 10:03:48] PDF actualizado: VITAMIN C PLUS  2.pdf
[2025-10-12 10:03:48] PDF actualizado: VITAMIN E COMPLEX 2.pdf
[2025-10-12 10:03:48] PDF actualizado: VITAMINS D K 2.pdf
[2025-10-12 10:03:48] PDF actualizado: Vegan OmeGold 4998-PI_ES.pdf
[2025-10-12 10:03:48] PDF actualizado: Vegan Protein Shake- Chocolate 7797-PI_ES.pdf
[2025-10-12 10:03:48] PDF actualizado: Vita–Saurus 6343-PI_ES.pdf
[2025-10-12 10:03:48] PDF actualizado: Wonder Gel.pdf
[2025-10-12 10:03:48] PDF actualizado: X-CELL CÍTRICOS 6357-PI_ES.pdf
[2025-10-12 10:03:48] PDF actualizado: X-Cell™ con polvo de raíz de remolacha 6600-PI_ES.pdf
[2025-10-12 10:03:48] PDF actualizado: Xtra Antioxidants 6124-PI_ES.pdf
[2025-10-12 10:03:48] PDF actualizado: Yummies 358-PI_ES.pdf
[2025-10-12 10:03:48] PDF actualizado: Zinc Boost 6656-PI_ES.pdf
[2025-10-12 10:03:48] PDF actualizado: _Pets™ Ahiflower Oil  6698-PI_ES.pdf
[2025-10-12 10:03:48] PDF actualizado: _Pets™ Calm 6687-PI_ES.pdf
[2025-10-12 10:03:48] PDF actualizado: _Pets™ Care & Comfort 6697-PI_ES.pdf
[2025-10-12 10:03:48] PDF actualizado: _Pets™ Digest 6689-PI_ES.pdf
[2025-10-12 10:03:48] PDF actualizado: _Pets™ Peanut Butter Biscuits 6692-PI_ES.pdf
[2025-10-12 10:03:48] PDF actualizado: _Pets™ Shine 6690-PI_ES.pdf
[2025-10-12 10:03:48] PDF actualizado: phasomine.pdf
[2025-10-12 10:03:48] Índice generado exitosamente: 122 PDFs
[2025-10-25 11:10:36] Iniciando escaneo de PDFs en: /Users/maykacenteno/Downloads/COPIA DE SEGURIDAD  LIFEPLUSPDF.PETERETELA.COM/php/../pdfs/
[2025-10-25 11:10:36] Encontrados 122 archivos PDF
[2025-10-25 11:10:36] PDF actualizado: Aloe Vera Caps 6003-PI_ES.pdf
[2025-10-25 11:10:36] PDF actualizado: Anti-Stress Formula  SOLO DISPONNIBLE EN USA 6121-PI_ES.pdf
[2025-10-25 11:10:36] PDF actualizado: BODYSMART MEN .pdf
[2025-10-25 11:10:36] PDF actualizado: BONE BUILDER SOLO DISPONIBLE EN USA   6114-PI_ES.pdf
[2025-10-25 11:10:36] PDF actualizado: Be Focused Berry 6603-PI_ES.pdf
[2025-10-25 11:10:36] PDF actualizado: Be Focused Citrus 6604-PI_ES.pdf
[2025-10-25 11:10:36] PDF actualizado: Be Focused Sachet - Berry 30 ct 6800-PI_ES.pdf
[2025-10-25 11:10:36] PDF actualizado: Be Focused Sachet - Citrus 30 ct 6801-PI_ES.pdf
[2025-10-25 11:10:36] PDF actualizado: Be Focused en sobres - Sabor a frutos del bosque6609-PI_ES.pdf
[2025-10-25 11:10:36] PDF actualizado: Be Recharged Berry 6601-PI_ES.pdf
[2025-10-25 11:10:36] PDF actualizado: Be Recharged Citrus 6602-PI_ES.pdf
[2025-10-25 11:10:36] PDF actualizado: Be Recharged Sachet - Berry 30 ct 6806-PI_ES.pdf
[2025-10-25 11:10:36] PDF actualizado: Be Recharged Sachet - Citrus 30 ct 6807-PI_ES.pdf
[2025-10-25 11:10:36] PDF actualizado: Be Refueled chocolate 6644-PI_ES.pdf
[2025-10-25 11:10:36] PDF actualizado: Be Refueled vainilla 6645-PI_ES.pdf
[2025-10-25 11:10:36] PDF actualizado: Be Sustained Berry 6605-PI_ES.pdf
[2025-10-25 11:10:36] PDF actualizado: Be Sustained Citrus 6606-PI_ES.pdf
[2025-10-25 11:10:36] PDF actualizado: Be Sustained Sachet - Berry 30 ct 6802-PI_ES.pdf
[2025-10-25 11:10:36] PDF actualizado: Be Sustained Sachet - Citrus 30 ct 6805-PI_ES.pdf
[2025-10-25 11:10:36] PDF actualizado: Be Sustained en sobres - Sabor a cítricos 6612-PI_ES.pdf
[2025-10-25 11:10:36] PDF actualizado: Be Sustained en sobres - Sabor a frutos del bosque 6611-PI_ES.pdf
[2025-10-25 11:10:36] PDF actualizado: Biotic Blast® 6618-PI_ES.pdf
[2025-10-25 11:10:36] PDF actualizado: Bodysmart Solution 7882-PI_ES.pdf
[2025-10-25 11:10:36] PDF actualizado: Bodysmart Solutions Men’s Gold Formula 7883-PI_ES.pdf
[2025-10-25 11:10:36] PDF actualizado: Bodysmart Solutions Women’s Gold Formula 7884-PI_ES.pdf
[2025-10-25 11:10:36] PDF actualizado: Brain Formula 6104-PI_ES.pdf
[2025-10-25 11:10:36] PDF actualizado: CAL MAG PLUS 2.pdf
[2025-10-25 11:10:36] PDF actualizado: CBD Oil Revive  SOLO DEISPONIBLE EN  USA .pdf
[2025-10-25 11:10:36] PDF actualizado: CO-Q-10 PLUS  2.pdf
[2025-10-25 11:10:36] PDF actualizado: Cat’s Claw Plus SOLO DISPONIBLE EN USA  4040-PI_ES.pdf
[2025-10-25 11:10:36] PDF actualizado: Circulation Formula 6133-PI_ES.pdf
[2025-10-25 11:10:36] PDF actualizado: Co-Q-10 .1012-PI_ES.pdf
[2025-10-25 11:10:36] PDF actualizado: Cogelin (Colon Formula) 6109-PI_ES.pdf
[2025-10-25 11:10:36] PDF actualizado: D-Mannose 6355-PI_ES.pdf
[2025-10-25 11:10:36] PDF actualizado: DNA IMMUNE.pdf
[2025-10-25 11:10:36] PDF actualizado: DNA-Immune  SOLO DISPONIBLE EN USA 6110-PI_ES.pdf
[2025-10-25 11:10:36] PDF actualizado: Daily BioBasics 6132-PI_ES.pdf
[2025-10-25 11:10:36] PDF actualizado: Daily BioBasics Light 6500-PI_ES.pdf
[2025-10-25 11:10:36] PDF actualizado: Daily Biobasics Veggie-Caps6193-PI_ES.pdf
[2025-10-25 11:10:36] PDF actualizado: Digestive Formula 6122-PI_ES.pdf
[2025-10-25 11:10:36] PDF actualizado: EPA PLUS.pdf
[2025-10-25 11:10:36] PDF actualizado: EPA Plus 4033-PI_ES.pdf
[2025-10-25 11:10:36] PDF actualizado: EYE FORMULA 2.pdf
[2025-10-25 11:10:36] PDF actualizado: Endocryn® DHEA 210-PI_ES.pdf
[2025-10-25 11:10:36] PDF actualizado: Evening Primrose Oil 6237-PI_ES.pdf
[2025-10-25 11:10:36] PDF actualizado: Eye Formula 6111-PI_ES.pdf
[2025-10-25 11:10:36] PDF actualizado: FASEO_LEAN FORTE SOLO DISPONIBLE EN USA .pdf
[2025-10-25 11:10:36] PDF actualizado: FUSIONS RED  2.pdf
[2025-10-25 11:10:36] PDF actualizado: Feminine Balance - New Improved Formula  SOLO  DISPONIBLE EN USA 6002-PI_ES.pdf
[2025-10-25 11:10:36] PDF actualizado: Forever Young Gentle Cream Cleanser.pdf
[2025-10-25 11:10:36] PDF actualizado: Forever Young Radiance Serum.pdf
[2025-10-25 11:10:36] PDF actualizado: Forever Young Rejuvenating Eye Crème.pdf
[2025-10-25 11:10:36] PDF actualizado: Forever Young Repair & Protect Conditioner.pdf
[2025-10-25 11:10:36] PDF actualizado: Forever Young Rich Moisturizing Crème.pdf
[2025-10-25 11:10:36] PDF actualizado: Forever Young Skin Formula  6112-PI_ES.pdf
[2025-10-25 11:10:36] PDF actualizado: Forever Young Strengthen & Restore Shampoo.pdf
[2025-10-25 11:10:36] PDF actualizado: Fusions Red 6861-PI_ES.pdf
[2025-10-25 11:10:36] PDF actualizado: HEART FORMULA_ 2.pdf
[2025-10-25 11:10:36] PDF actualizado: Heart Formula 6107-PI_ES.pdf
[2025-10-25 11:10:36] PDF actualizado: IRON PLUS.pdf
[2025-10-25 11:10:36] PDF actualizado: JOIN FORMULA 6113-PI_ES.pdf
[2025-10-25 11:10:36] PDF actualizado: Key-Tonic 6648-PI_ES.pdf
[2025-10-25 11:10:36] PDF actualizado: LIFEPLUS PETS BASICS 6691-PI_ES.pdf
[2025-10-25 11:10:36] PDF actualizado: LUNG FORMULA 2.pdf
[2025-10-25 11:10:36] PDF actualizado: Lifeplus - Natural Hand Cream.pdf
[2025-10-25 11:10:36] PDF actualizado: Lifeplus Discovery 6063-PI_ES.pdf
[2025-10-25 11:10:36] PDF actualizado: Lung Formula PULMONES SOLO DISPONIBLE EN USA  6115-PI_ES.pdf
[2025-10-25 11:10:36] PDF actualizado: Lyprinex (180ct) 6658-PI_ES.pdf
[2025-10-25 11:10:36] PDF actualizado: Lyprinex 6108-PI_ES.pdf
[2025-10-25 11:10:36] PDF actualizado: MANGO OMEGA .pdf
[2025-10-25 11:10:36] PDF actualizado: MICRO MINS™ PLUS.pdf
[2025-10-25 11:10:36] PDF actualizado: MSM Plus Vital Care Lotion 1021-PI_EN.pdf
[2025-10-25 11:10:36] PDF actualizado: MSM Plus pastillas 6127-PI_ES.pdf
[2025-10-25 11:10:36] PDF actualizado: Micro•Mins™ Plus 6140-PI_ES.pdf
[2025-10-25 11:10:36] PDF actualizado: Natural Body Wash.pdf
[2025-10-25 11:10:36] PDF actualizado: Natural Gold Hand & Body Bar.pdf
[2025-10-25 11:10:36] PDF actualizado: Natural Hand & Body Lotion.pdf
[2025-10-25 11:10:36] PDF actualizado: OMEGOLD.4999-PI_ES.pdf
[2025-10-25 11:10:36] PDF actualizado: PARACLEANSE ™.pdf
[2025-10-25 11:10:36] PDF actualizado: PETS CALM 6687-PI_ES.pdf
[2025-10-25 11:10:36] PDF actualizado: PH PLUS™ 2.pdf
[2025-10-25 11:10:36] PDF actualizado: PLATA COLOIDAL Colloidal Silver 1945-PI_ES.pdf
[2025-10-25 11:10:36] PDF actualizado: PROANTHENOLS 100 6192-PI_ES.pdf
[2025-10-25 11:10:36] PDF actualizado: ParaCleanse SOLO DISPONIBLE EN USA  6117-PI_ES.pdf
[2025-10-25 11:10:36] PDF actualizado: Pets™ Move 6688-PI_ES.pdf
[2025-10-25 11:10:36] PDF actualizado: Phase‘olean® Forte SOLO DISPONIBLE EN USA  6106-PI_ES.pdf
[2025-10-25 11:10:36] PDF actualizado: Proanthenol 50mg 6191-PI_ES.pdf
[2025-10-25 11:10:36] PDF actualizado: Prostate Formula SOLO DISPONIBLE EN USA  6118-PI_ES.pdf
[2025-10-25 11:10:36] PDF actualizado: Real NRG 6681-PI_ES.pdf
[2025-10-25 11:10:36] PDF actualizado: SUPPORT TABS.pdf
[2025-10-25 11:10:36] PDF actualizado: SlenderLean® 6099-PI_ES.pdf
[2025-10-25 11:10:36] PDF actualizado: Smart Bar - Barrita nutricional Chocolate Supreme BARRITA1808-PI_ES.pdf
[2025-10-25 11:10:36] PDF actualizado: Solis Golden Milk 6673-PI_ES.pdf
[2025-10-25 11:10:36] PDF actualizado: Solis Green Medley 6651-PI_ES.pdf
[2025-10-25 11:10:36] PDF actualizado: Solis Purple Flash 2.pdf
[2025-10-25 11:10:36] PDF actualizado: Solis Raw Cacao y Mushroom 2.pdf
[2025-10-25 11:10:36] PDF actualizado: Somazyme 6141-PI_ES.pdf
[2025-10-25 11:10:36] PDF actualizado: TVM-Plus 6102-PI_ES.pdf
[2025-10-25 11:10:36] PDF actualizado: Tea Tree Toothpaste PASTA DE DIENTES  170g_6 oz.pdf
[2025-10-25 11:10:36] PDF actualizado: Triple Protein Shake- Chocolate 6678-PI_ES.pdf
[2025-10-25 11:10:36] PDF actualizado: Triple Protein Shake- Vainilla (sin edulcorante) SOLO EN ALEMANIA 6680-PI_ES.pdf
[2025-10-25 11:10:36] PDF actualizado: Triple Protein Shake- Vainilla 6679-PI_ES.pdf
[2025-10-25 11:10:36] PDF actualizado: Ubiquinol 100 6657-PI_ES.pdf
[2025-10-25 11:10:36] PDF actualizado: VITAMIN C PLUS  2.pdf
[2025-10-25 11:10:36] PDF actualizado: VITAMIN E COMPLEX 2.pdf
[2025-10-25 11:10:36] PDF actualizado: VITAMINS D K 2.pdf
[2025-10-25 11:10:36] PDF actualizado: Vegan OmeGold 4998-PI_ES.pdf
[2025-10-25 11:10:36] PDF actualizado: Vegan Protein Shake- Chocolate 7797-PI_ES.pdf
[2025-10-25 11:10:36] PDF actualizado: Vita–Saurus 6343-PI_ES.pdf
[2025-10-25 11:10:36] PDF actualizado: Wonder Gel.pdf
[2025-10-25 11:10:36] PDF actualizado: X-CELL CÍTRICOS 6357-PI_ES.pdf
[2025-10-25 11:10:36] PDF actualizado: X-Cell™ con polvo de raíz de remolacha 6600-PI_ES.pdf
[2025-10-25 11:10:36] PDF actualizado: Xtra Antioxidants 6124-PI_ES.pdf
[2025-10-25 11:10:36] PDF actualizado: Yummies 358-PI_ES.pdf
[2025-10-25 11:10:36] PDF actualizado: Zinc Boost 6656-PI_ES.pdf
[2025-10-25 11:10:36] PDF actualizado: _Pets™ Ahiflower Oil  6698-PI_ES.pdf
[2025-10-25 11:10:36] PDF actualizado: _Pets™ Calm 6687-PI_ES.pdf
[2025-10-25 11:10:36] PDF actualizado: _Pets™ Care & Comfort 6697-PI_ES.pdf
[2025-10-25 11:10:36] PDF actualizado: _Pets™ Digest 6689-PI_ES.pdf
[2025-10-25 11:10:36] PDF actualizado: _Pets™ Peanut Butter Biscuits 6692-PI_ES.pdf
[2025-10-25 11:10:36] PDF actualizado: _Pets™ Shine 6690-PI_ES.pdf
[2025-10-25 11:10:36] PDF actualizado: phasomine.pdf
[2025-10-25 11:10:36] Índice generado exitosamente: 122 PDFs
